<?xml version="1.0" encoding="UTF-8"?>
<testsuite name="com.sd3.calculator.CalculatorApplicationTest" tests="1" skipped="0" failures="0" errors="0" timestamp="2021-02-17T22:35:22" hostname="Reenas-MBP" time="0.479">
  <properties/>
  <testcase name="contextLoads()" classname="com.sd3.calculator.CalculatorApplicationTest" time="0.479"/>
  <system-out><![CDATA[22:35:20.235 [Test worker] DEBUG org.springframework.test.context.BootstrapUtils - Instantiating CacheAwareContextLoaderDelegate from class [org.springframework.test.context.cache.DefaultCacheAwareContextLoaderDelegate]
22:35:20.276 [Test worker] DEBUG org.springframework.test.context.BootstrapUtils - Instantiating BootstrapContext using constructor [public org.springframework.test.context.support.DefaultBootstrapContext(java.lang.Class,org.springframework.test.context.CacheAwareContextLoaderDelegate)]
22:35:20.360 [Test worker] DEBUG org.springframework.test.context.BootstrapUtils - Instantiating TestContextBootstrapper for test class [com.sd3.calculator.CalculatorApplicationTest] from class [org.springframework.boot.test.context.SpringBootTestContextBootstrapper]
22:35:20.380 [Test worker] INFO org.springframework.boot.test.context.SpringBootTestContextBootstrapper - Neither @ContextConfiguration nor @ContextHierarchy found for test class [com.sd3.calculator.CalculatorApplicationTest], using SpringBootContextLoader
22:35:20.388 [Test worker] DEBUG org.springframework.test.context.support.AbstractContextLoader - Did not detect default resource location for test class [com.sd3.calculator.CalculatorApplicationTest]: class path resource [com/sd3/calculator/CalculatorApplicationTest-context.xml] does not exist
22:35:20.389 [Test worker] DEBUG org.springframework.test.context.support.AbstractContextLoader - Did not detect default resource location for test class [com.sd3.calculator.CalculatorApplicationTest]: class path resource [com/sd3/calculator/CalculatorApplicationTestContext.groovy] does not exist
22:35:20.389 [Test worker] INFO org.springframework.test.context.support.AbstractContextLoader - Could not detect default resource locations for test class [com.sd3.calculator.CalculatorApplicationTest]: no resource found for suffixes {-context.xml, Context.groovy}.
22:35:20.391 [Test worker] INFO org.springframework.test.context.support.AnnotationConfigContextLoaderUtils - Could not detect default configuration classes for test class [com.sd3.calculator.CalculatorApplicationTest]: CalculatorApplicationTest does not declare any static, non-private, non-final, nested classes annotated with @Configuration.
22:35:20.456 [Test worker] DEBUG org.springframework.test.context.support.ActiveProfilesUtils - Could not find an 'annotation declaring class' for annotation type [org.springframework.test.context.ActiveProfiles] and class [com.sd3.calculator.CalculatorApplicationTest]
22:35:20.559 [Test worker] DEBUG org.springframework.context.annotation.ClassPathScanningCandidateComponentProvider - Identified candidate component class: file [/Users/reenaclifton/Documents/development/source/calculator/build/classes/java/main/com/sd3/calculator/CalculatorApplication.class]
22:35:20.560 [Test worker] INFO org.springframework.boot.test.context.SpringBootTestContextBootstrapper - Found @SpringBootConfiguration com.sd3.calculator.CalculatorApplication for test class com.sd3.calculator.CalculatorApplicationTest
22:35:20.703 [Test worker] DEBUG org.springframework.boot.test.context.SpringBootTestContextBootstrapper - @TestExecutionListeners is not present for class [com.sd3.calculator.CalculatorApplicationTest]: using defaults.
22:35:20.704 [Test worker] INFO org.springframework.boot.test.context.SpringBootTestContextBootstrapper - Loaded default TestExecutionListener class names from location [META-INF/spring.factories]: [org.springframework.boot.test.autoconfigure.restdocs.RestDocsTestExecutionListener, org.springframework.boot.test.autoconfigure.web.client.MockRestServiceServerResetTestExecutionListener, org.springframework.boot.test.autoconfigure.web.servlet.MockMvcPrintOnlyOnFailureTestExecutionListener, org.springframework.boot.test.autoconfigure.web.servlet.WebDriverTestExecutionListener, org.springframework.boot.test.autoconfigure.webservices.client.MockWebServiceServerTestExecutionListener, org.springframework.boot.test.mock.mockito.MockitoTestExecutionListener, org.springframework.boot.test.mock.mockito.ResetMocksTestExecutionListener, org.springframework.test.context.web.ServletTestExecutionListener, org.springframework.test.context.support.DirtiesContextBeforeModesTestExecutionListener, org.springframework.test.context.event.ApplicationEventsTestExecutionListener, org.springframework.test.context.support.DependencyInjectionTestExecutionListener, org.springframework.test.context.support.DirtiesContextTestExecutionListener, org.springframework.test.context.transaction.TransactionalTestExecutionListener, org.springframework.test.context.jdbc.SqlScriptsTestExecutionListener, org.springframework.test.context.event.EventPublishingTestExecutionListener]
22:35:20.722 [Test worker] DEBUG org.springframework.boot.test.context.SpringBootTestContextBootstrapper - Skipping candidate TestExecutionListener [org.springframework.test.context.transaction.TransactionalTestExecutionListener] due to a missing dependency. Specify custom listener classes or make the default listener classes and their required dependencies available. Offending class: [org/springframework/transaction/interceptor/TransactionAttributeSource]
22:35:20.722 [Test worker] DEBUG org.springframework.boot.test.context.SpringBootTestContextBootstrapper - Skipping candidate TestExecutionListener [org.springframework.test.context.jdbc.SqlScriptsTestExecutionListener] due to a missing dependency. Specify custom listener classes or make the default listener classes and their required dependencies available. Offending class: [org/springframework/transaction/interceptor/TransactionAttribute]
22:35:20.723 [Test worker] INFO org.springframework.boot.test.context.SpringBootTestContextBootstrapper - Using TestExecutionListeners: [org.springframework.test.context.web.ServletTestExecutionListener@78f13a5e, org.springframework.test.context.support.DirtiesContextBeforeModesTestExecutionListener@2a3c7fc4, org.springframework.test.context.event.ApplicationEventsTestExecutionListener@684cf22, org.springframework.boot.test.mock.mockito.MockitoTestExecutionListener@d90289c, org.springframework.boot.test.autoconfigure.SpringBootDependencyInjectionTestExecutionListener@7c42c0ba, org.springframework.test.context.support.DirtiesContextTestExecutionListener@354942a9, org.springframework.test.context.event.EventPublishingTestExecutionListener@159466fd, org.springframework.boot.test.autoconfigure.restdocs.RestDocsTestExecutionListener@19cc781b, org.springframework.boot.test.autoconfigure.web.client.MockRestServiceServerResetTestExecutionListener@73613c88, org.springframework.boot.test.autoconfigure.web.servlet.MockMvcPrintOnlyOnFailureTestExecutionListener@c426447, org.springframework.boot.test.autoconfigure.web.servlet.WebDriverTestExecutionListener@3a5748bc, org.springframework.boot.test.autoconfigure.webservices.client.MockWebServiceServerTestExecutionListener@40a1f34d, org.springframework.boot.test.mock.mockito.ResetMocksTestExecutionListener@3a5e02ad]
22:35:20.728 [Test worker] DEBUG org.springframework.test.context.support.AbstractDirtiesContextTestExecutionListener - Before test class: context [DefaultTestContext@2256ce1c testClass = CalculatorApplicationTest, testInstance = [null], testMethod = [null], testException = [null], mergedContextConfiguration = [WebMergedContextConfiguration@7b6a57dd testClass = CalculatorApplicationTest, locations = '{}', classes = '{class com.sd3.calculator.CalculatorApplication}', contextInitializerClasses = '[]', activeProfiles = '{}', propertySourceLocations = '{}', propertySourceProperties = '{org.springframework.boot.test.context.SpringBootTestContextBootstrapper=true}', contextCustomizers = set[org.springframework.boot.test.autoconfigure.actuate.metrics.MetricsExportContextCustomizerFactory$DisableMetricExportContextCustomizer@3eab05ba, org.springframework.boot.test.autoconfigure.properties.PropertyMappingContextCustomizer@0, org.springframework.boot.test.autoconfigure.web.servlet.WebDriverContextCustomizerFactory$Customizer@6176c891, org.springframework.boot.test.context.filter.ExcludeFilterContextCustomizer@296e4abc, org.springframework.boot.test.json.DuplicateJsonObjectContextCustomizerFactory$DuplicateJsonObjectContextCustomizer@57b534fb, org.springframework.boot.test.mock.mockito.MockitoContextCustomizer@0, org.springframework.boot.test.web.client.TestRestTemplateContextCustomizer@6c79ee8d, org.springframework.boot.test.context.SpringBootTestArgs@1, org.springframework.boot.test.context.SpringBootTestWebEnvironment@16d62e6e], resourceBasePath = 'src/main/webapp', contextLoader = 'org.springframework.boot.test.context.SpringBootContextLoader', parent = [null]], attributes = map['org.springframework.test.context.web.ServletTestExecutionListener.activateListener' -> true]], class annotated with @DirtiesContext [false] with mode [null].
22:35:20.768 [Test worker] DEBUG org.springframework.test.context.support.TestPropertySourceUtils - Adding inlined properties to environment: {spring.jmx.enabled=false, org.springframework.boot.test.context.SpringBootTestContextBootstrapper=true}

  .   ____          _            __ _ _
 /\\ / ___'_ __ _ _(_)_ __  __ _ \ \ \ \
( ( )\___ | '_ | '_| | '_ \/ _` | \ \ \ \
 \\/  ___)| |_)| | | | | || (_| |  ) ) ) )
  '  |____| .__|_| |_|_| |_\__, | / / / /
 =========|_|==============|___/=/_/_/_/
 :: Spring Boot ::                (v2.4.2)

2021-02-17 22:35:21.043  INFO 64726 --- [    Test worker] c.s.c.CalculatorApplicationTest          : Starting CalculatorApplicationTest using Java 11.0.2 on Reenas-MBP with PID 64726 (started by reenaclifton in /Users/reenaclifton/Documents/development/source/calculator)
2021-02-17 22:35:21.046  INFO 64726 --- [    Test worker] c.s.c.CalculatorApplicationTest          : No active profile set, falling back to default profiles: default
2021-02-17 22:35:22.132  INFO 64726 --- [    Test worker] o.s.s.concurrent.ThreadPoolTaskExecutor  : Initializing ExecutorService 'applicationTaskExecutor'
2021-02-17 22:35:22.419  INFO 64726 --- [    Test worker] c.s.c.CalculatorApplicationTest          : Started CalculatorApplicationTest in 1.638 seconds (JVM running for 3.425)
]]></system-out>
  <system-err><![CDATA[]]></system-err>
</testsuite>
