<?xml version="1.0" encoding="UTF-8"?>
<testsuite name="com.sd3.calculator.CalculatorApplicationTests" tests="1" skipped="0" failures="0" errors="0" timestamp="2021-02-15T00:29:34" hostname="Reenas-MBP" time="0.227">
  <properties/>
  <testcase name="contextLoads()" classname="com.sd3.calculator.CalculatorApplicationTests" time="0.227"/>
  <system-out><![CDATA[00:29:33.079 [Test worker] DEBUG org.springframework.test.context.BootstrapUtils - Instantiating CacheAwareContextLoaderDelegate from class [org.springframework.test.context.cache.DefaultCacheAwareContextLoaderDelegate]
00:29:33.087 [Test worker] DEBUG org.springframework.test.context.BootstrapUtils - Instantiating BootstrapContext using constructor [public org.springframework.test.context.support.DefaultBootstrapContext(java.lang.Class,org.springframework.test.context.CacheAwareContextLoaderDelegate)]
00:29:33.114 [Test worker] DEBUG org.springframework.test.context.BootstrapUtils - Instantiating TestContextBootstrapper for test class [com.sd3.calculator.CalculatorApplicationTests] from class [org.springframework.boot.test.context.SpringBootTestContextBootstrapper]
00:29:33.123 [Test worker] INFO org.springframework.boot.test.context.SpringBootTestContextBootstrapper - Neither @ContextConfiguration nor @ContextHierarchy found for test class [com.sd3.calculator.CalculatorApplicationTests], using SpringBootContextLoader
00:29:33.128 [Test worker] DEBUG org.springframework.test.context.support.AbstractContextLoader - Did not detect default resource location for test class [com.sd3.calculator.CalculatorApplicationTests]: class path resource [com/sd3/calculator/CalculatorApplicationTests-context.xml] does not exist
00:29:33.128 [Test worker] DEBUG org.springframework.test.context.support.AbstractContextLoader - Did not detect default resource location for test class [com.sd3.calculator.CalculatorApplicationTests]: class path resource [com/sd3/calculator/CalculatorApplicationTestsContext.groovy] does not exist
00:29:33.129 [Test worker] INFO org.springframework.test.context.support.AbstractContextLoader - Could not detect default resource locations for test class [com.sd3.calculator.CalculatorApplicationTests]: no resource found for suffixes {-context.xml, Context.groovy}.
00:29:33.130 [Test worker] INFO org.springframework.test.context.support.AnnotationConfigContextLoaderUtils - Could not detect default configuration classes for test class [com.sd3.calculator.CalculatorApplicationTests]: CalculatorApplicationTests does not declare any static, non-private, non-final, nested classes annotated with @Configuration.
00:29:33.161 [Test worker] DEBUG org.springframework.test.context.support.ActiveProfilesUtils - Could not find an 'annotation declaring class' for annotation type [org.springframework.test.context.ActiveProfiles] and class [com.sd3.calculator.CalculatorApplicationTests]
00:29:33.201 [Test worker] DEBUG org.springframework.context.annotation.ClassPathScanningCandidateComponentProvider - Identified candidate component class: file [/Users/reenaclifton/Documents/development/source/calculator/build/classes/java/main/com/sd3/calculator/CalculatorApplication.class]
00:29:33.202 [Test worker] INFO org.springframework.boot.test.context.SpringBootTestContextBootstrapper - Found @SpringBootConfiguration com.sd3.calculator.CalculatorApplication for test class com.sd3.calculator.CalculatorApplicationTests
00:29:33.270 [Test worker] DEBUG org.springframework.boot.test.context.SpringBootTestContextBootstrapper - @TestExecutionListeners is not present for class [com.sd3.calculator.CalculatorApplicationTests]: using defaults.
00:29:33.270 [Test worker] INFO org.springframework.boot.test.context.SpringBootTestContextBootstrapper - Loaded default TestExecutionListener class names from location [META-INF/spring.factories]: [org.springframework.boot.test.autoconfigure.restdocs.RestDocsTestExecutionListener, org.springframework.boot.test.autoconfigure.web.client.MockRestServiceServerResetTestExecutionListener, org.springframework.boot.test.autoconfigure.web.servlet.MockMvcPrintOnlyOnFailureTestExecutionListener, org.springframework.boot.test.autoconfigure.web.servlet.WebDriverTestExecutionListener, org.springframework.boot.test.autoconfigure.webservices.client.MockWebServiceServerTestExecutionListener, org.springframework.boot.test.mock.mockito.MockitoTestExecutionListener, org.springframework.boot.test.mock.mockito.ResetMocksTestExecutionListener, org.springframework.test.context.web.ServletTestExecutionListener, org.springframework.test.context.support.DirtiesContextBeforeModesTestExecutionListener, org.springframework.test.context.event.ApplicationEventsTestExecutionListener, org.springframework.test.context.support.DependencyInjectionTestExecutionListener, org.springframework.test.context.support.DirtiesContextTestExecutionListener, org.springframework.test.context.transaction.TransactionalTestExecutionListener, org.springframework.test.context.jdbc.SqlScriptsTestExecutionListener, org.springframework.test.context.event.EventPublishingTestExecutionListener]
00:29:33.278 [Test worker] DEBUG org.springframework.boot.test.context.SpringBootTestContextBootstrapper - Skipping candidate TestExecutionListener [org.springframework.test.context.transaction.TransactionalTestExecutionListener] due to a missing dependency. Specify custom listener classes or make the default listener classes and their required dependencies available. Offending class: [org/springframework/transaction/TransactionDefinition]
00:29:33.279 [Test worker] DEBUG org.springframework.boot.test.context.SpringBootTestContextBootstrapper - Skipping candidate TestExecutionListener [org.springframework.test.context.jdbc.SqlScriptsTestExecutionListener] due to a missing dependency. Specify custom listener classes or make the default listener classes and their required dependencies available. Offending class: [org/springframework/transaction/interceptor/TransactionAttribute]
00:29:33.279 [Test worker] INFO org.springframework.boot.test.context.SpringBootTestContextBootstrapper - Using TestExecutionListeners: [org.springframework.test.context.web.ServletTestExecutionListener@9146a77, org.springframework.test.context.support.DirtiesContextBeforeModesTestExecutionListener@284c6abe, org.springframework.test.context.event.ApplicationEventsTestExecutionListener@1b7b35cc, org.springframework.boot.test.mock.mockito.MockitoTestExecutionListener@4ac29162, org.springframework.boot.test.autoconfigure.SpringBootDependencyInjectionTestExecutionListener@60af1d9f, org.springframework.test.context.support.DirtiesContextTestExecutionListener@2b7d82ae, org.springframework.test.context.event.EventPublishingTestExecutionListener@69ea0758, org.springframework.boot.test.autoconfigure.restdocs.RestDocsTestExecutionListener@377dc286, org.springframework.boot.test.autoconfigure.web.client.MockRestServiceServerResetTestExecutionListener@2fa67213, org.springframework.boot.test.autoconfigure.web.servlet.MockMvcPrintOnlyOnFailureTestExecutionListener@6809edbb, org.springframework.boot.test.autoconfigure.web.servlet.WebDriverTestExecutionListener@51e0e725, org.springframework.boot.test.autoconfigure.webservices.client.MockWebServiceServerTestExecutionListener@8d0666d, org.springframework.boot.test.mock.mockito.ResetMocksTestExecutionListener@14faab8e]
00:29:33.282 [Test worker] DEBUG org.springframework.test.context.support.AbstractDirtiesContextTestExecutionListener - Before test class: context [DefaultTestContext@74e73279 testClass = CalculatorApplicationTests, testInstance = [null], testMethod = [null], testException = [null], mergedContextConfiguration = [WebMergedContextConfiguration@7fa85de8 testClass = CalculatorApplicationTests, locations = '{}', classes = '{class com.sd3.calculator.CalculatorApplication}', contextInitializerClasses = '[]', activeProfiles = '{}', propertySourceLocations = '{}', propertySourceProperties = '{org.springframework.boot.test.context.SpringBootTestContextBootstrapper=true}', contextCustomizers = set[org.springframework.boot.test.autoconfigure.actuate.metrics.MetricsExportContextCustomizerFactory$DisableMetricExportContextCustomizer@54d05989, org.springframework.boot.test.autoconfigure.properties.PropertyMappingContextCustomizer@0, org.springframework.boot.test.autoconfigure.web.servlet.WebDriverContextCustomizerFactory$Customizer@369a73fa, org.springframework.boot.test.context.filter.ExcludeFilterContextCustomizer@306de755, org.springframework.boot.test.json.DuplicateJsonObjectContextCustomizerFactory$DuplicateJsonObjectContextCustomizer@446e4976, org.springframework.boot.test.mock.mockito.MockitoContextCustomizer@0, org.springframework.boot.test.web.client.TestRestTemplateContextCustomizer@6062c082, org.springframework.boot.test.context.SpringBootTestArgs@1, org.springframework.boot.test.context.SpringBootTestWebEnvironment@71d337ec], resourceBasePath = 'src/main/webapp', contextLoader = 'org.springframework.boot.test.context.SpringBootContextLoader', parent = [null]], attributes = map['org.springframework.test.context.web.ServletTestExecutionListener.activateListener' -> true]], class annotated with @DirtiesContext [false] with mode [null].
00:29:33.301 [Test worker] DEBUG org.springframework.test.context.support.TestPropertySourceUtils - Adding inlined properties to environment: {spring.jmx.enabled=false, org.springframework.boot.test.context.SpringBootTestContextBootstrapper=true}

  .   ____          _            __ _ _
 /\\ / ___'_ __ _ _(_)_ __  __ _ \ \ \ \
( ( )\___ | '_ | '_| | '_ \/ _` | \ \ \ \
 \\/  ___)| |_)| | | | | || (_| |  ) ) ) )
  '  |____| .__|_| |_|_| |_\__, | / / / /
 =========|_|==============|___/=/_/_/_/
 :: Spring Boot ::                (v2.4.2)

2021-02-15 00:29:33.515  INFO 55902 --- [    Test worker] c.s.c.CalculatorApplicationTests         : Starting CalculatorApplicationTests using Java 11.0.6 on Reenas-MBP with PID 55902 (started by reenaclifton in /Users/reenaclifton/Documents/development/source/calculator)
2021-02-15 00:29:33.518  INFO 55902 --- [    Test worker] c.s.c.CalculatorApplicationTests         : No active profile set, falling back to default profiles: default
2021-02-15 00:29:34.330  INFO 55902 --- [    Test worker] o.s.s.concurrent.ThreadPoolTaskExecutor  : Initializing ExecutorService 'applicationTaskExecutor'
2021-02-15 00:29:34.524  INFO 55902 --- [    Test worker] c.s.c.CalculatorApplicationTests         : Started CalculatorApplicationTests in 1.217 seconds (JVM running for 2.057)
]]></system-out>
  <system-err><![CDATA[]]></system-err>
</testsuite>
