<?xml version="1.0" encoding="UTF-8"?>
<testsuite name="com.sd3.calculator.CalculatorApplicationTests" tests="1" skipped="0" failures="0" errors="0" timestamp="2021-02-15T23:59:29" hostname="Reenas-MBP" time="0.292">
  <properties/>
  <testcase name="contextLoads()" classname="com.sd3.calculator.CalculatorApplicationTests" time="0.292"/>
  <system-out><![CDATA[23:59:28.345 [Test worker] DEBUG org.springframework.test.context.BootstrapUtils - Instantiating CacheAwareContextLoaderDelegate from class [org.springframework.test.context.cache.DefaultCacheAwareContextLoaderDelegate]
23:59:28.354 [Test worker] DEBUG org.springframework.test.context.BootstrapUtils - Instantiating BootstrapContext using constructor [public org.springframework.test.context.support.DefaultBootstrapContext(java.lang.Class,org.springframework.test.context.CacheAwareContextLoaderDelegate)]
23:59:28.379 [Test worker] DEBUG org.springframework.test.context.BootstrapUtils - Instantiating TestContextBootstrapper for test class [com.sd3.calculator.CalculatorApplicationTests] from class [org.springframework.boot.test.context.SpringBootTestContextBootstrapper]
23:59:28.389 [Test worker] INFO org.springframework.boot.test.context.SpringBootTestContextBootstrapper - Neither @ContextConfiguration nor @ContextHierarchy found for test class [com.sd3.calculator.CalculatorApplicationTests], using SpringBootContextLoader
23:59:28.397 [Test worker] DEBUG org.springframework.test.context.support.AbstractContextLoader - Did not detect default resource location for test class [com.sd3.calculator.CalculatorApplicationTests]: class path resource [com/sd3/calculator/CalculatorApplicationTests-context.xml] does not exist
23:59:28.397 [Test worker] DEBUG org.springframework.test.context.support.AbstractContextLoader - Did not detect default resource location for test class [com.sd3.calculator.CalculatorApplicationTests]: class path resource [com/sd3/calculator/CalculatorApplicationTestsContext.groovy] does not exist
23:59:28.398 [Test worker] INFO org.springframework.test.context.support.AbstractContextLoader - Could not detect default resource locations for test class [com.sd3.calculator.CalculatorApplicationTests]: no resource found for suffixes {-context.xml, Context.groovy}.
23:59:28.399 [Test worker] INFO org.springframework.test.context.support.AnnotationConfigContextLoaderUtils - Could not detect default configuration classes for test class [com.sd3.calculator.CalculatorApplicationTests]: CalculatorApplicationTests does not declare any static, non-private, non-final, nested classes annotated with @Configuration.
23:59:28.439 [Test worker] DEBUG org.springframework.test.context.support.ActiveProfilesUtils - Could not find an 'annotation declaring class' for annotation type [org.springframework.test.context.ActiveProfiles] and class [com.sd3.calculator.CalculatorApplicationTests]
23:59:28.483 [Test worker] DEBUG org.springframework.context.annotation.ClassPathScanningCandidateComponentProvider - Identified candidate component class: file [/Users/reenaclifton/Documents/development/source/calculator/build/classes/java/main/com/sd3/calculator/CalculatorApplication.class]
23:59:28.484 [Test worker] INFO org.springframework.boot.test.context.SpringBootTestContextBootstrapper - Found @SpringBootConfiguration com.sd3.calculator.CalculatorApplication for test class com.sd3.calculator.CalculatorApplicationTests
23:59:28.549 [Test worker] DEBUG org.springframework.boot.test.context.SpringBootTestContextBootstrapper - @TestExecutionListeners is not present for class [com.sd3.calculator.CalculatorApplicationTests]: using defaults.
23:59:28.550 [Test worker] INFO org.springframework.boot.test.context.SpringBootTestContextBootstrapper - Loaded default TestExecutionListener class names from location [META-INF/spring.factories]: [org.springframework.boot.test.autoconfigure.restdocs.RestDocsTestExecutionListener, org.springframework.boot.test.autoconfigure.web.client.MockRestServiceServerResetTestExecutionListener, org.springframework.boot.test.autoconfigure.web.servlet.MockMvcPrintOnlyOnFailureTestExecutionListener, org.springframework.boot.test.autoconfigure.web.servlet.WebDriverTestExecutionListener, org.springframework.boot.test.autoconfigure.webservices.client.MockWebServiceServerTestExecutionListener, org.springframework.boot.test.mock.mockito.MockitoTestExecutionListener, org.springframework.boot.test.mock.mockito.ResetMocksTestExecutionListener, org.springframework.test.context.web.ServletTestExecutionListener, org.springframework.test.context.support.DirtiesContextBeforeModesTestExecutionListener, org.springframework.test.context.event.ApplicationEventsTestExecutionListener, org.springframework.test.context.support.DependencyInjectionTestExecutionListener, org.springframework.test.context.support.DirtiesContextTestExecutionListener, org.springframework.test.context.transaction.TransactionalTestExecutionListener, org.springframework.test.context.jdbc.SqlScriptsTestExecutionListener, org.springframework.test.context.event.EventPublishingTestExecutionListener]
23:59:28.563 [Test worker] DEBUG org.springframework.boot.test.context.SpringBootTestContextBootstrapper - Skipping candidate TestExecutionListener [org.springframework.test.context.transaction.TransactionalTestExecutionListener] due to a missing dependency. Specify custom listener classes or make the default listener classes and their required dependencies available. Offending class: [org/springframework/transaction/interceptor/TransactionAttributeSource]
23:59:28.564 [Test worker] DEBUG org.springframework.boot.test.context.SpringBootTestContextBootstrapper - Skipping candidate TestExecutionListener [org.springframework.test.context.jdbc.SqlScriptsTestExecutionListener] due to a missing dependency. Specify custom listener classes or make the default listener classes and their required dependencies available. Offending class: [org/springframework/transaction/interceptor/TransactionAttribute]
23:59:28.564 [Test worker] INFO org.springframework.boot.test.context.SpringBootTestContextBootstrapper - Using TestExecutionListeners: [org.springframework.test.context.web.ServletTestExecutionListener@725bf80f, org.springframework.test.context.support.DirtiesContextBeforeModesTestExecutionListener@9fa3773, org.springframework.test.context.event.ApplicationEventsTestExecutionListener@55fea561, org.springframework.boot.test.mock.mockito.MockitoTestExecutionListener@7f7374b9, org.springframework.boot.test.autoconfigure.SpringBootDependencyInjectionTestExecutionListener@524560d8, org.springframework.test.context.support.DirtiesContextTestExecutionListener@a5c944c, org.springframework.test.context.event.EventPublishingTestExecutionListener@2aa9fdcb, org.springframework.boot.test.autoconfigure.restdocs.RestDocsTestExecutionListener@4e9b829b, org.springframework.boot.test.autoconfigure.web.client.MockRestServiceServerResetTestExecutionListener@37216830, org.springframework.boot.test.autoconfigure.web.servlet.MockMvcPrintOnlyOnFailureTestExecutionListener@59b1746c, org.springframework.boot.test.autoconfigure.web.servlet.WebDriverTestExecutionListener@3c138d34, org.springframework.boot.test.autoconfigure.webservices.client.MockWebServiceServerTestExecutionListener@2e0e5f77, org.springframework.boot.test.mock.mockito.ResetMocksTestExecutionListener@12d2c26e]
23:59:28.567 [Test worker] DEBUG org.springframework.test.context.support.AbstractDirtiesContextTestExecutionListener - Before test class: context [DefaultTestContext@544d75a9 testClass = CalculatorApplicationTests, testInstance = [null], testMethod = [null], testException = [null], mergedContextConfiguration = [WebMergedContextConfiguration@72a52290 testClass = CalculatorApplicationTests, locations = '{}', classes = '{class com.sd3.calculator.CalculatorApplication}', contextInitializerClasses = '[]', activeProfiles = '{}', propertySourceLocations = '{}', propertySourceProperties = '{org.springframework.boot.test.context.SpringBootTestContextBootstrapper=true}', contextCustomizers = set[org.springframework.boot.test.autoconfigure.actuate.metrics.MetricsExportContextCustomizerFactory$DisableMetricExportContextCustomizer@4910bb91, org.springframework.boot.test.autoconfigure.properties.PropertyMappingContextCustomizer@0, org.springframework.boot.test.autoconfigure.web.servlet.WebDriverContextCustomizerFactory$Customizer@73c263a3, org.springframework.boot.test.context.filter.ExcludeFilterContextCustomizer@fdaf326, org.springframework.boot.test.json.DuplicateJsonObjectContextCustomizerFactory$DuplicateJsonObjectContextCustomizer@57508b7e, org.springframework.boot.test.mock.mockito.MockitoContextCustomizer@0, org.springframework.boot.test.web.client.TestRestTemplateContextCustomizer@6e7a52c7, org.springframework.boot.test.context.SpringBootTestArgs@1, org.springframework.boot.test.context.SpringBootTestWebEnvironment@7e42272b], resourceBasePath = 'src/main/webapp', contextLoader = 'org.springframework.boot.test.context.SpringBootContextLoader', parent = [null]], attributes = map['org.springframework.test.context.web.ServletTestExecutionListener.activateListener' -> true]], class annotated with @DirtiesContext [false] with mode [null].
23:59:28.590 [Test worker] DEBUG org.springframework.test.context.support.TestPropertySourceUtils - Adding inlined properties to environment: {spring.jmx.enabled=false, org.springframework.boot.test.context.SpringBootTestContextBootstrapper=true}

  .   ____          _            __ _ _
 /\\ / ___'_ __ _ _(_)_ __  __ _ \ \ \ \
( ( )\___ | '_ | '_| | '_ \/ _` | \ \ \ \
 \\/  ___)| |_)| | | | | || (_| |  ) ) ) )
  '  |____| .__|_| |_|_| |_\__, | / / / /
 =========|_|==============|___/=/_/_/_/
 :: Spring Boot ::                (v2.4.2)

2021-02-15 23:59:29.007  INFO 60665 --- [    Test worker] c.s.c.CalculatorApplicationTests         : Starting CalculatorApplicationTests using Java 11.0.2 on Reenas-MBP with PID 60665 (started by reenaclifton in /Users/reenaclifton/Documents/development/source/calculator)
2021-02-15 23:59:29.009  INFO 60665 --- [    Test worker] c.s.c.CalculatorApplicationTests         : No active profile set, falling back to default profiles: default
2021-02-15 23:59:29.757  INFO 60665 --- [    Test worker] o.s.s.concurrent.ThreadPoolTaskExecutor  : Initializing ExecutorService 'applicationTaskExecutor'
2021-02-15 23:59:29.959  INFO 60665 --- [    Test worker] c.s.c.CalculatorApplicationTests         : Started CalculatorApplicationTests in 1.362 seconds (JVM running for 2.224)
]]></system-out>
  <system-err><![CDATA[]]></system-err>
</testsuite>
