<?xml version="1.0" encoding="UTF-8"?>
<testsuite name="com.sd3.calculator.CalculatorApplicationTests" tests="1" skipped="0" failures="0" errors="0" timestamp="2021-02-15T02:57:21" hostname="Reenas-MBP" time="0.129">
  <properties/>
  <testcase name="contextLoads()" classname="com.sd3.calculator.CalculatorApplicationTests" time="0.129"/>
  <system-out><![CDATA[02:57:19.636 [Test worker] DEBUG org.springframework.test.context.BootstrapUtils - Instantiating CacheAwareContextLoaderDelegate from class [org.springframework.test.context.cache.DefaultCacheAwareContextLoaderDelegate]
02:57:19.648 [Test worker] DEBUG org.springframework.test.context.BootstrapUtils - Instantiating BootstrapContext using constructor [public org.springframework.test.context.support.DefaultBootstrapContext(java.lang.Class,org.springframework.test.context.CacheAwareContextLoaderDelegate)]
02:57:19.680 [Test worker] DEBUG org.springframework.test.context.BootstrapUtils - Instantiating TestContextBootstrapper for test class [com.sd3.calculator.CalculatorApplicationTests] from class [org.springframework.boot.test.context.SpringBootTestContextBootstrapper]
02:57:19.689 [Test worker] INFO org.springframework.boot.test.context.SpringBootTestContextBootstrapper - Neither @ContextConfiguration nor @ContextHierarchy found for test class [com.sd3.calculator.CalculatorApplicationTests], using SpringBootContextLoader
02:57:19.692 [Test worker] DEBUG org.springframework.test.context.support.AbstractContextLoader - Did not detect default resource location for test class [com.sd3.calculator.CalculatorApplicationTests]: class path resource [com/sd3/calculator/CalculatorApplicationTests-context.xml] does not exist
02:57:19.692 [Test worker] DEBUG org.springframework.test.context.support.AbstractContextLoader - Did not detect default resource location for test class [com.sd3.calculator.CalculatorApplicationTests]: class path resource [com/sd3/calculator/CalculatorApplicationTestsContext.groovy] does not exist
02:57:19.692 [Test worker] INFO org.springframework.test.context.support.AbstractContextLoader - Could not detect default resource locations for test class [com.sd3.calculator.CalculatorApplicationTests]: no resource found for suffixes {-context.xml, Context.groovy}.
02:57:19.693 [Test worker] INFO org.springframework.test.context.support.AnnotationConfigContextLoaderUtils - Could not detect default configuration classes for test class [com.sd3.calculator.CalculatorApplicationTests]: CalculatorApplicationTests does not declare any static, non-private, non-final, nested classes annotated with @Configuration.
02:57:19.724 [Test worker] DEBUG org.springframework.test.context.support.ActiveProfilesUtils - Could not find an 'annotation declaring class' for annotation type [org.springframework.test.context.ActiveProfiles] and class [com.sd3.calculator.CalculatorApplicationTests]
02:57:19.768 [Test worker] DEBUG org.springframework.context.annotation.ClassPathScanningCandidateComponentProvider - Identified candidate component class: file [/Users/reenaclifton/Documents/development/source/calculator/build/classes/java/main/com/sd3/calculator/CalculatorApplication.class]
02:57:19.769 [Test worker] INFO org.springframework.boot.test.context.SpringBootTestContextBootstrapper - Found @SpringBootConfiguration com.sd3.calculator.CalculatorApplication for test class com.sd3.calculator.CalculatorApplicationTests
02:57:19.842 [Test worker] DEBUG org.springframework.boot.test.context.SpringBootTestContextBootstrapper - @TestExecutionListeners is not present for class [com.sd3.calculator.CalculatorApplicationTests]: using defaults.
02:57:19.843 [Test worker] INFO org.springframework.boot.test.context.SpringBootTestContextBootstrapper - Loaded default TestExecutionListener class names from location [META-INF/spring.factories]: [org.springframework.boot.test.autoconfigure.restdocs.RestDocsTestExecutionListener, org.springframework.boot.test.autoconfigure.web.client.MockRestServiceServerResetTestExecutionListener, org.springframework.boot.test.autoconfigure.web.servlet.MockMvcPrintOnlyOnFailureTestExecutionListener, org.springframework.boot.test.autoconfigure.web.servlet.WebDriverTestExecutionListener, org.springframework.boot.test.autoconfigure.webservices.client.MockWebServiceServerTestExecutionListener, org.springframework.boot.test.mock.mockito.MockitoTestExecutionListener, org.springframework.boot.test.mock.mockito.ResetMocksTestExecutionListener, org.springframework.test.context.web.ServletTestExecutionListener, org.springframework.test.context.support.DirtiesContextBeforeModesTestExecutionListener, org.springframework.test.context.event.ApplicationEventsTestExecutionListener, org.springframework.test.context.support.DependencyInjectionTestExecutionListener, org.springframework.test.context.support.DirtiesContextTestExecutionListener, org.springframework.test.context.transaction.TransactionalTestExecutionListener, org.springframework.test.context.jdbc.SqlScriptsTestExecutionListener, org.springframework.test.context.event.EventPublishingTestExecutionListener]
02:57:19.851 [Test worker] DEBUG org.springframework.boot.test.context.SpringBootTestContextBootstrapper - Skipping candidate TestExecutionListener [org.springframework.test.context.transaction.TransactionalTestExecutionListener] due to a missing dependency. Specify custom listener classes or make the default listener classes and their required dependencies available. Offending class: [org/springframework/transaction/TransactionDefinition]
02:57:19.852 [Test worker] DEBUG org.springframework.boot.test.context.SpringBootTestContextBootstrapper - Skipping candidate TestExecutionListener [org.springframework.test.context.jdbc.SqlScriptsTestExecutionListener] due to a missing dependency. Specify custom listener classes or make the default listener classes and their required dependencies available. Offending class: [org/springframework/transaction/interceptor/TransactionAttribute]
02:57:19.852 [Test worker] INFO org.springframework.boot.test.context.SpringBootTestContextBootstrapper - Using TestExecutionListeners: [org.springframework.test.context.web.ServletTestExecutionListener@99d7f29, org.springframework.test.context.support.DirtiesContextBeforeModesTestExecutionListener@45206797, org.springframework.test.context.event.ApplicationEventsTestExecutionListener@35992678, org.springframework.boot.test.mock.mockito.MockitoTestExecutionListener@267775a4, org.springframework.boot.test.autoconfigure.SpringBootDependencyInjectionTestExecutionListener@44f13274, org.springframework.test.context.support.DirtiesContextTestExecutionListener@22bf9a2, org.springframework.test.context.event.EventPublishingTestExecutionListener@7e7da579, org.springframework.boot.test.autoconfigure.restdocs.RestDocsTestExecutionListener@63ba2547, org.springframework.boot.test.autoconfigure.web.client.MockRestServiceServerResetTestExecutionListener@2e15d9d6, org.springframework.boot.test.autoconfigure.web.servlet.MockMvcPrintOnlyOnFailureTestExecutionListener@732ec35f, org.springframework.boot.test.autoconfigure.web.servlet.WebDriverTestExecutionListener@60ebf62e, org.springframework.boot.test.autoconfigure.webservices.client.MockWebServiceServerTestExecutionListener@52c96769, org.springframework.boot.test.mock.mockito.ResetMocksTestExecutionListener@5212df8f]
02:57:19.855 [Test worker] DEBUG org.springframework.test.context.support.AbstractDirtiesContextTestExecutionListener - Before test class: context [DefaultTestContext@2036b059 testClass = CalculatorApplicationTests, testInstance = [null], testMethod = [null], testException = [null], mergedContextConfiguration = [WebMergedContextConfiguration@41094e69 testClass = CalculatorApplicationTests, locations = '{}', classes = '{class com.sd3.calculator.CalculatorApplication}', contextInitializerClasses = '[]', activeProfiles = '{}', propertySourceLocations = '{}', propertySourceProperties = '{org.springframework.boot.test.context.SpringBootTestContextBootstrapper=true}', contextCustomizers = set[org.springframework.boot.test.autoconfigure.actuate.metrics.MetricsExportContextCustomizerFactory$DisableMetricExportContextCustomizer@3a2b6955, org.springframework.boot.test.autoconfigure.properties.PropertyMappingContextCustomizer@0, org.springframework.boot.test.autoconfigure.web.servlet.WebDriverContextCustomizerFactory$Customizer@23263a4c, org.springframework.boot.test.context.filter.ExcludeFilterContextCustomizer@276f6b40, org.springframework.boot.test.json.DuplicateJsonObjectContextCustomizerFactory$DuplicateJsonObjectContextCustomizer@1df648e9, org.springframework.boot.test.mock.mockito.MockitoContextCustomizer@0, org.springframework.boot.test.web.client.TestRestTemplateContextCustomizer@5c520afb, org.springframework.boot.test.context.SpringBootTestArgs@1, org.springframework.boot.test.context.SpringBootTestWebEnvironment@5aca7150], resourceBasePath = 'src/main/webapp', contextLoader = 'org.springframework.boot.test.context.SpringBootContextLoader', parent = [null]], attributes = map['org.springframework.test.context.web.ServletTestExecutionListener.activateListener' -> true]], class annotated with @DirtiesContext [false] with mode [null].
02:57:19.880 [Test worker] DEBUG org.springframework.test.context.support.TestPropertySourceUtils - Adding inlined properties to environment: {spring.jmx.enabled=false, org.springframework.boot.test.context.SpringBootTestContextBootstrapper=true}

  .   ____          _            __ _ _
 /\\ / ___'_ __ _ _(_)_ __  __ _ \ \ \ \
( ( )\___ | '_ | '_| | '_ \/ _` | \ \ \ \
 \\/  ___)| |_)| | | | | || (_| |  ) ) ) )
  '  |____| .__|_| |_|_| |_\__, | / / / /
 =========|_|==============|___/=/_/_/_/
 :: Spring Boot ::                (v2.4.2)

2021-02-15 02:57:20.074  INFO 58237 --- [    Test worker] c.s.c.CalculatorApplicationTests         : Starting CalculatorApplicationTests using Java 1.8.0_282 on Reenas-MBP with PID 58237 (started by reenaclifton in /Users/reenaclifton/Documents/development/source/calculator)
2021-02-15 02:57:20.076  INFO 58237 --- [    Test worker] c.s.c.CalculatorApplicationTests         : No active profile set, falling back to default profiles: default
2021-02-15 02:57:20.841  INFO 58237 --- [    Test worker] o.s.s.concurrent.ThreadPoolTaskExecutor  : Initializing ExecutorService 'applicationTaskExecutor'
2021-02-15 02:57:21.053  INFO 58237 --- [    Test worker] c.s.c.CalculatorApplicationTests         : Started CalculatorApplicationTests in 1.167 seconds (JVM running for 1.95)
]]></system-out>
  <system-err><![CDATA[]]></system-err>
</testsuite>
